C51 COMPILER V9.57.0.0   MAIN                                                              10/11/2024 20:56:31 PAGE 1   


C51 COMPILER V9.57.0.0, COMPILATION OF MODULE MAIN
OBJECT MODULE PLACED IN .\Objects\main.obj
COMPILER INVOKED BY: D:\Keil_v5\C51\BIN\C51.EXE main.c OPTIMIZE(8,SPEED) BROWSE DEBUG OBJECTEXTEND PRINT(.\Listings\main
                    -.lst) TABS(2) OBJECT(.\Objects\main.obj)

line level    source

   1          #include <REGX52.H>
   2          #include "Delay.h"
   3          #include "Key.h"
   4          #include "Nixie.h"
   5          #include "Timer0.h"
   6          
   7          sbit Motor=P1^0;
   8          unsigned char Counter,Compare;
   9          unsigned char KeyNum,Speed;
  10          
  11          void main()
  12          {
  13   1        Timer0_Init();
  14   1        
  15   1        
  16   1        
  17   1        while(1)
  18   1        {
  19   2          KeyNum=Key();
  20   2          if(KeyNum==1)
  21   2          {
  22   3            Speed++;
  23   3            Speed%=4; 
  24   3            if(Speed==0)
  25   3            {
  26   4              Compare=0;
  27   4            }
  28   3            if(Speed==1)
  29   3            {
  30   4              Compare=20;
  31   4            }
  32   3            if(Speed==2)
  33   3            {
  34   4              Compare=50;
  35   4            }
  36   3            if(Speed==3)
  37   3            {
  38   4              Compare=100;
  39   4            }
  40   3          }
  41   2          Nixie(1,Speed);
  42   2        }
  43   1      }
  44          
  45          
  46          void Timer0_Routine() interrupt  1
  47          {
  48   1      
  49   1        TL0 = 0xA4;       //设置定时初始值
  50   1        TH0 = 0xFF;       //设置定时初始值
  51   1        
  52   1        Counter++;
  53   1        Counter%=100;
  54   1        
C51 COMPILER V9.57.0.0   MAIN                                                              10/11/2024 20:56:31 PAGE 2   

  55   1        if(Counter<Compare)
  56   1        {
  57   2          Motor=1;
  58   2        }
  59   1        else
  60   1        {
  61   2          Motor=0;
  62   2        }
  63   1      }


MODULE INFORMATION:   STATIC OVERLAYABLE
   CODE SIZE        =    104    ----
   CONSTANT SIZE    =   ----    ----
   XDATA SIZE       =   ----    ----
   PDATA SIZE       =   ----    ----
   DATA SIZE        =      4    ----
   IDATA SIZE       =   ----    ----
   BIT SIZE         =   ----    ----
END OF MODULE INFORMATION.


C51 COMPILATION COMPLETE.  0 WARNING(S),  0 ERROR(S)
