C51 COMPILER V9.57.0.0   TIMER0                                                            10/10/2024 23:39:15 PAGE 1   


C51 COMPILER V9.57.0.0, COMPILATION OF MODULE TIMER0
OBJECT MODULE PLACED IN .\Objects\Timer0.obj
COMPILER INVOKED BY: D:\Keil_v5\C51\BIN\C51.EXE Timer0.c OPTIMIZE(8,SPEED) BROWSE DEBUG OBJECTEXTEND PRINT(.\Listings\Ti
                    -mer0.lst) TABS(2) OBJECT(.\Objects\Timer0.obj)

line level    source

   1          #include <REGX52.H>
   2          /**
   3            * @brief 定时器0初始化 
   4            * @param 无
   5            * @retval 无
   6            */
   7          
   8          void Timer0_Init(void)    //1毫秒@11.0592MHz
   9          {
  10   1        
  11   1        TMOD &= 0xF0;     //设置定时器模式
  12   1        TMOD |= 0x01;     //设置定时器模式
  13   1        TL0 = 0xA4;       //设置定时初始值
  14   1        TH0 = 0xFF;       //设置定时初始值
  15   1        TF0 = 0;        //清除TF0标志
  16   1        TR0 = 1;        //定时器0开始计时
  17   1        
  18   1        
  19   1        ET0=1;
  20   1        EA=1;
  21   1        PT0=0;
  22   1      }
  23          //定时器模板
  24          //void Timer0_Routine() interrupt  1
  25          //{
  26          //  static unsigned int T0Count;
  27          //TL0 = 0xA4;       //设置定时初始值
  28          //TH0 = 0xFF;       //设置定时初始值
  29          //  T0Count++;
  30          //  if(T0Count<=1000)
  31          //  {
  32          //    T0Count=0;
  33          //  }
  34          //}
  35          
  36          
  37          
  38          
  39          
  40          
  41          
  42          
  43          
  44          
  45          
  46          


MODULE INFORMATION:   STATIC OVERLAYABLE
   CODE SIZE        =     23    ----
   CONSTANT SIZE    =   ----    ----
   XDATA SIZE       =   ----    ----
   PDATA SIZE       =   ----    ----
   DATA SIZE        =   ----    ----
C51 COMPILER V9.57.0.0   TIMER0                                                            10/10/2024 23:39:15 PAGE 2   

   IDATA SIZE       =   ----    ----
   BIT SIZE         =   ----    ----
END OF MODULE INFORMATION.


C51 COMPILATION COMPLETE.  0 WARNING(S),  0 ERROR(S)
