C51 COMPILER V9.57.0.0   MAIN                                                              10/10/2024 23:06:12 PAGE 1   


C51 COMPILER V9.57.0.0, COMPILATION OF MODULE MAIN
OBJECT MODULE PLACED IN .\Objects\main.obj
COMPILER INVOKED BY: D:\Keil_v5\C51\BIN\C51.EXE main.c OPTIMIZE(8,SPEED) BROWSE DEBUG OBJECTEXTEND PRINT(.\Listings\main
                    -.lst) TABS(2) OBJECT(.\Objects\main.obj)

line level    source

   1          #include <REGX52.H>
   2          
   3          
   4          sbit LED=P2^0;
   5          
   6          void Delay(unsigned int t)
   7          {
   8   1        while(t--);
   9   1      }
  10          
  11          void main()
  12          {
  13   1        unsigned char Time,i;
  14   1        while(1)
  15   1        {
  16   2          for(Time=0;Time<100;Time++)//精度0.01
  17   2          {
  18   3            for(i=0;i<20;i++)
  19   3            {
  20   4              LED=0;
  21   4              Delay(Time);
  22   4              LED=1;
  23   4              Delay(100-Time);
  24   4            }
  25   3            
  26   3          }
  27   2          
  28   2          for(Time=100;Time>0;Time--)
  29   2          {
  30   3            for(i=0;i<20;i++)
  31   3            {
  32   4              LED=0;
  33   4              Delay(Time);
  34   4              LED=1;
  35   4              Delay(100-Time);//不断翻转IO口，浪费CPU时间
  36   4            }
  37   3            
  38   3          }
  39   2          
  40   2        }
  41   1      }


MODULE INFORMATION:   STATIC OVERLAYABLE
   CODE SIZE        =     68    ----
   CONSTANT SIZE    =   ----    ----
   XDATA SIZE       =   ----    ----
   PDATA SIZE       =   ----    ----
   DATA SIZE        =   ----    ----
   IDATA SIZE       =   ----    ----
   BIT SIZE         =   ----    ----
END OF MODULE INFORMATION.


C51 COMPILATION COMPLETE.  0 WARNING(S),  0 ERROR(S)
