C51 COMPILER V9.57.0.0   MAIN                                                              07/14/2024 19:47:21 PAGE 1   


C51 COMPILER V9.57.0.0, COMPILATION OF MODULE MAIN
OBJECT MODULE PLACED IN .\Objects\main.obj
COMPILER INVOKED BY: D:\Keil_v5\C51\BIN\C51.EXE main.c OPTIMIZE(8,SPEED) BROWSE DEBUG OBJECTEXTEND PRINT(.\Listings\main
                    -.lst) TABS(2) OBJECT(.\Objects\main.obj)

line level    source

   1          #include <REGX52.H>
   2          #include <INTRINS.H>
   3          void Delay(unsigned int xms)    //@11.0592MHz
   4          {
   5   1        unsigned char i, j;
   6   1      
   7   1        _nop_();
   8   1        while(xms--)
   9   1        {
  10   2          i = 2;
  11   2        j = 199;
  12   2        do
  13   2        {
  14   3          while (--j);
  15   3        } while (--i);
  16   2        }
  17   1        
  18   1      }
  19          
  20          void main()
  21          {
  22   1        unsigned char LEDNum;
  23   1        P2=~0x01;
  24   1        while(1)
  25   1        {
  26   2          if(P3_1==0)
  27   2          {
  28   3            Delay(200);
  29   3            while(P3_1==0);
  30   3            Delay(200);
  31   3            
  32   3            LEDNum++;
  33   3            if(LEDNum>=8)
  34   3            {
  35   4              LEDNum=0;
  36   4            }
  37   3            P2=~(0x01<<LEDNum);
  38   3          }
  39   2          if(P3_0==0)
  40   2          {
  41   3            Delay(200);
  42   3            while(P3_0==0);
  43   3            Delay(200);
  44   3            
  45   3            if(LEDNum==0)
  46   3            {
  47   4              LEDNum=7;
  48   4            }
  49   3            else
  50   3            LEDNum--;
  51   3            
  52   3            P2=~(0x01<<LEDNum);
  53   3            
  54   3          }
C51 COMPILER V9.57.0.0   MAIN                                                              07/14/2024 19:47:21 PAGE 2   

  55   2        }
  56   1      }


MODULE INFORMATION:   STATIC OVERLAYABLE
   CODE SIZE        =    100    ----
   CONSTANT SIZE    =   ----    ----
   XDATA SIZE       =   ----    ----
   PDATA SIZE       =   ----    ----
   DATA SIZE        =   ----    ----
   IDATA SIZE       =   ----    ----
   BIT SIZE         =   ----    ----
END OF MODULE INFORMATION.


C51 COMPILATION COMPLETE.  0 WARNING(S),  0 ERROR(S)
