C51 COMPILER V9.57.0.0   MAIN                                                              08/02/2024 18:37:32 PAGE 1   


C51 COMPILER V9.57.0.0, COMPILATION OF MODULE MAIN
OBJECT MODULE PLACED IN .\Objects\main.obj
COMPILER INVOKED BY: D:\Keil_v5\C51\BIN\C51.EXE main.c OPTIMIZE(8,SPEED) BROWSE DEBUG OBJECTEXTEND PRINT(.\Listings\main
                    -.lst) TABS(2) OBJECT(.\Objects\main.obj)

line level    source

   1          #include <REGX52.H>
   2          #include <INTRINS.H>
   3          unsigned char NixieTable[]={0x3F,0x06,0x5B,0x4F,0x66,0x6D,0x7D,0x07,0x7F,0x6F};
   4          void Delay(unsigned int xms)    //@11.0592MHz
   5          {
   6   1        unsigned char i, j;
   7   1        _nop_();
   8   1        while(xms)
   9   1        {
  10   2        i = 2;
  11   2        j = 199;
  12   2        do
  13   2        {
  14   3          while (--j);
  15   3        } while (--i);
  16   2        xms--;
  17   2        }
  18   1        
  19   1      }
  20          void NixieTube(unsigned char Location,Number)
  21          {
  22   1        switch(Location)
  23   1        {
  24   2          case 1:P2_4=1;P2_3=1;P2_2=1;break;
  25   2          case 2:P2_4=1;P2_3=1;P2_2=0;break;
  26   2          case 3:P2_4=1;P2_3=0;P2_2=1;break;
  27   2          case 4:P2_4=1;P2_3=0;P2_2=0;break;
  28   2          case 5:P2_4=0;P2_3=1;P2_2=1;break;
  29   2          case 6:P2_4=0;P2_3=1;P2_2=0;break;
  30   2          case 7:P2_4=0;P2_3=0;P2_2=1;break;
  31   2          case 8:P2_4=0;P2_3=0;P2_2=0;break;  
  32   2        }
  33   1      //  P0=0x7D;
  34   1        P0=NixieTable[Number];
  35   1        Delay(1);//
  36   1        P0=0x00;//消影操作
  37   1        
  38   1      }
  39          void main()
  40          {
  41   1      //  P2_2=1;
  42   1      //  P2_3=1;
  43   1      //  P2_4=1;//位选
  44   1      //  P0=0x7D;//段选
  45   1        
  46   1        while(1)
  47   1        {
  48   2          NixieTube(1,1);
  49   2          Delay(1);
  50   2          NixieTube(2,2);
  51   2          Delay(1);
  52   2          NixieTube(3,3);
  53   2          Delay(1);
  54   2        }
C51 COMPILER V9.57.0.0   MAIN                                                              08/02/2024 18:37:32 PAGE 2   

  55   1      }


MODULE INFORMATION:   STATIC OVERLAYABLE
   CODE SIZE        =    160    ----
   CONSTANT SIZE    =   ----    ----
   XDATA SIZE       =   ----    ----
   PDATA SIZE       =   ----    ----
   DATA SIZE        =     10    ----
   IDATA SIZE       =   ----    ----
   BIT SIZE         =   ----    ----
END OF MODULE INFORMATION.


C51 COMPILATION COMPLETE.  0 WARNING(S),  0 ERROR(S)
