C51 COMPILER V9.57.0.0   MAIN                                                              08/07/2024 11:45:20 PAGE 1   


C51 COMPILER V9.57.0.0, COMPILATION OF MODULE MAIN
OBJECT MODULE PLACED IN .\Objects\main.obj
COMPILER INVOKED BY: D:\Keil_v5\C51\BIN\C51.EXE main.c OPTIMIZE(8,SPEED) BROWSE DEBUG OBJECTEXTEND PRINT(.\Listings\main
                    -.lst) TABS(2) OBJECT(.\Objects\main.obj)

line level    source

   1          #include <REGX52.H>
   2          #include "Delay.h"
   3          #include "LCD1602.h"
   4          #include "MatrixKey.h"
   5          
   6          
   7          void main()
   8          {
   9   1        unsigned char KeyNum;
  10   1        unsigned char KeyNumber;
  11   1        LCD_Init();
  12   1        LCD_ShowString(1,1,"MatrixKey:");
  13   1        while(1)
  14   1        {
  15   2          KeyNum=MatrixKey();
  16   2          //LCD_ShowNum(2,1,KeyNum,2);
  17   2          if(KeyNum!=0)
  18   2          {
  19   3            LCD_ShowNum(2,1,KeyNum,2);
  20   3            
  21   3          }     
  22   2        }
  23   1      }
*** WARNING C280 IN LINE 10 OF main.c: 'KeyNumber': unreferenced local variable


MODULE INFORMATION:   STATIC OVERLAYABLE
   CODE SIZE        =     40    ----
   CONSTANT SIZE    =     11    ----
   XDATA SIZE       =   ----    ----
   PDATA SIZE       =   ----    ----
   DATA SIZE        =   ----       2
   IDATA SIZE       =   ----    ----
   BIT SIZE         =   ----    ----
END OF MODULE INFORMATION.


C51 COMPILATION COMPLETE.  1 WARNING(S),  0 ERROR(S)
