C51 COMPILER V9.57.0.0   UART                                                              09/30/2024 10:45:45 PAGE 1   


C51 COMPILER V9.57.0.0, COMPILATION OF MODULE UART
OBJECT MODULE PLACED IN .\Objects\UART.obj
COMPILER INVOKED BY: D:\Keil_v5\C51\BIN\C51.EXE UART.c OPTIMIZE(8,SPEED) BROWSE DEBUG OBJECTEXTEND PRINT(.\Listings\UART
                    -.lst) TABS(2) OBJECT(.\Objects\UART.obj)

line level    source

   1          #include <REGX52.H>
   2          /**
   3            * @brief  串口初始化
   4            * @param 无
   5            * @retval 无
   6            */
   7          void UART_Init(void)  //4800bps@11.0592MHz  
   8          {
   9   1        //PCON &= 0x7F;   //波特率不倍速
  10   1        SCON = 0x50;    //8位数据,可变波特率
  11   1        TMOD &= 0x0F;   //设置定时器模式
  12   1        TMOD |= 0x20;   //设置定时器模式
  13   1        TL1 = 0xFA;     //设置定时初始值
  14   1        TH1 = 0xFA;     //设置定时重载值
  15   1        ET1 = 0;      //禁止定时器中断
  16   1        TR1 = 1;      //定时器1开始计时
  17   1        
  18   1        EA=1;
  19   1        ES=1;
  20   1      }
  21          /**
  22            * @brief  串口发送一个字节数据
  23            * @param Byte要发送的一个数据
  24            * @retval 无
  25            */
  26          void UART_SendByte(unsigned char Byte)
  27          {
  28   1        SBUF=Byte;
  29   1        while(TI==0);
  30   1        TI=0;
  31   1      }


MODULE INFORMATION:   STATIC OVERLAYABLE
   CODE SIZE        =     32    ----
   CONSTANT SIZE    =   ----    ----
   XDATA SIZE       =   ----    ----
   PDATA SIZE       =   ----    ----
   DATA SIZE        =   ----    ----
   IDATA SIZE       =   ----    ----
   BIT SIZE         =   ----    ----
END OF MODULE INFORMATION.


C51 COMPILATION COMPLETE.  0 WARNING(S),  0 ERROR(S)
