C51 COMPILER V9.57.0.0   DS1302                                                            10/09/2024 23:15:12 PAGE 1   


C51 COMPILER V9.57.0.0, COMPILATION OF MODULE DS1302
OBJECT MODULE PLACED IN .\Objects\DS1302.obj
COMPILER INVOKED BY: D:\Keil_v5\C51\BIN\C51.EXE DS1302.c OPTIMIZE(8,SPEED) BROWSE DEBUG OBJECTEXTEND PRINT(.\Listings\DS
                    -1302.lst) TABS(2) OBJECT(.\Objects\DS1302.obj)

line level    source

   1          #include <REGX52.H>
   2          //对端口重新定义引脚
   3          sbit DS1302_SCLK=P3^6;
   4          sbit DS1302_IO=P3^4;
   5          sbit DS1302_CE=P3^5;
   6          //寄存器写入地址/指令定义
   7          #define DS1302_SECOND  0x80
   8          #define DS1302_MINUTE  0x82
   9          #define DS1302_HOUR    0x84
  10          #define DS1302_DATE    0x86
  11          #define DS1302_MONTH   0x88
  12          #define DS1302_DAY     0x8A
  13          #define DS1302_YEAR    0x8C
  14          #define DS1302_WP      0x8E
  15          
  16          unsigned char DS1302_Time[]={24,10,9,10,53,55,3};
  17          //时间数组：索引年月日，时分秒、星期
  18          unsigned char i;
  19          
  20          /**
  21            * @brief  DS1302初始化
  22            * @param 无
  23            * @retval 无
  24            */
  25          void DS1302_Init(void)
  26          {
  27   1        DS1302_CE=0;
  28   1        DS1302_SCLK=0;
  29   1      }
  30          
  31          /**
  32            * @brief  DS1302写一个字节
  33            * @param Command命令字/地址
  34            * @retval Data要写入的数据
  35            * @retval 无
  36            */
  37          
  38          void DS1302_WriteByte(unsigned char Command,Data)
  39          {
  40   1        
  41   1        DS1302_CE=1;
  42   1        
  43   1        for(i=0;i<8;i++)
  44   1        {
  45   2          DS1302_IO=Command&(0x01<<i);//取出第i位
  46   2          DS1302_SCLK=1;
  47   2          DS1302_SCLK=0;//速度慢，不需要延时
  48   2        
  49   2        }
  50   1        
  51   1        for(i=0;i<8;i++)
  52   1        {
  53   2          DS1302_IO=Data&(0x01<<i);//取出第i位
  54   2          DS1302_SCLK=1;
C51 COMPILER V9.57.0.0   DS1302                                                            10/09/2024 23:15:12 PAGE 2   

  55   2          DS1302_SCLK=0;//速度慢，不需要延时
  56   2        }
  57   1          DS1302_CE=0;
  58   1        
  59   1      }
  60          
  61          
  62          /**
  63            * @brief  DS1302读一个字节
  64            * @param Command命令字/地址
  65            * @retval 读出的数据
  66            */
  67          unsigned char DS1302_ReadByte(unsigned char Command)
  68          {
  69   1        unsigned char i,Data=0x00;
  70   1        Command|=0x01;//开启读指令
  71   1        DS1302_CE=1;
  72   1        
  73   1        for(i=0;i<8;i++)
  74   1        {
  75   2          DS1302_IO=Command&(0x01<<i);
  76   2          DS1302_SCLK=0;
  77   2          DS1302_SCLK=1;
  78   2        }
  79   1        
  80   1        for(i=0;i<8;i++)
  81   1        {
  82   2          DS1302_SCLK=1;
  83   2          DS1302_SCLK=0;
  84   2          if(DS1302_IO)
  85   2          {
  86   3            Data=Data|(0x01<<i);
  87   3          }
  88   2        }
  89   1        DS1302_CE=0;
  90   1        DS1302_IO=0;//读完关闭
  91   1        return Data;      
  92   1      } 
  93          
  94          
  95          /**
  96            * @brief  DS1302设置时间，调用之后，对时间进行设置
  97            * @param 无
  98            * @retval 无
  99            */
 100          void DS1302_SetTime(void)
 101          {
 102   1        DS1302_WriteByte(DS1302_WP,0x00);
 103   1        DS1302_WriteByte(DS1302_YEAR,DS1302_Time[0]/10*16+DS1302_Time[0]%10);
 104   1        //十进制转BCD码后写入
 105   1        DS1302_WriteByte(DS1302_MONTH,DS1302_Time[1]/10*16+DS1302_Time[1]%10);
 106   1        DS1302_WriteByte(DS1302_DATE,DS1302_Time[2]/10*16+DS1302_Time[2]%10);
 107   1        DS1302_WriteByte(DS1302_HOUR,DS1302_Time[3]/10*16+DS1302_Time[3]%10);
 108   1        DS1302_WriteByte(DS1302_MINUTE,DS1302_Time[4]/10*16+DS1302_Time[4]%10);
 109   1        DS1302_WriteByte(DS1302_SECOND,DS1302_Time[5]/10*16+DS1302_Time[5]%10);
 110   1        DS1302_WriteByte(DS1302_DAY,DS1302_Time[6]/10*16+DS1302_Time[6]%10);
 111   1        DS1302_WriteByte(DS1302_WP,0x80);
 112   1      }
 113          
 114          
 115          /**
 116            * @brief  DS1302读取时间，将DS1302当中数据读取到数组中
C51 COMPILER V9.57.0.0   DS1302                                                            10/09/2024 23:15:12 PAGE 3   

 117            * @param 
 118            * @retval 
 119            */
 120          void DS1302_ReadTime(void)
 121          {
 122   1        unsigned char Temp;
 123   1      
 124   1        Temp=DS1302_ReadByte(DS1302_YEAR);
 125   1        DS1302_Time[0]=Temp/16*10+Temp%16;//BCD转十进制进行读取
 126   1        
 127   1        Temp=DS1302_ReadByte(DS1302_MONTH);
 128   1        DS1302_Time[1]=Temp/16*10+Temp%16;
 129   1        
 130   1        Temp=DS1302_ReadByte(DS1302_DATE);
 131   1        DS1302_Time[2]=Temp/16*10+Temp%16;
 132   1        
 133   1        Temp=DS1302_ReadByte(DS1302_HOUR);
 134   1        DS1302_Time[3]=Temp/16*10+Temp%16;
 135   1        
 136   1        Temp=DS1302_ReadByte(DS1302_MINUTE);
 137   1        DS1302_Time[4]=Temp/16*10+Temp%16;
 138   1        
 139   1        Temp=DS1302_ReadByte(DS1302_SECOND);
 140   1        DS1302_Time[5]=Temp/16*10+Temp%16;
 141   1        
 142   1        Temp=DS1302_ReadByte(DS1302_DAY);
 143   1        DS1302_Time[6]=Temp/16*10+Temp%16;
 144   1        
 145   1        
 146   1      }


MODULE INFORMATION:   STATIC OVERLAYABLE
   CODE SIZE        =    555    ----
   CONSTANT SIZE    =   ----    ----
   XDATA SIZE       =   ----    ----
   PDATA SIZE       =   ----    ----
   DATA SIZE        =      8    ----
   IDATA SIZE       =   ----    ----
   BIT SIZE         =   ----    ----
END OF MODULE INFORMATION.


C51 COMPILATION COMPLETE.  0 WARNING(S),  0 ERROR(S)
