C51 COMPILER V9.57.0.0   MAIN                                                              10/09/2024 23:16:10 PAGE 1   


C51 COMPILER V9.57.0.0, COMPILATION OF MODULE MAIN
OBJECT MODULE PLACED IN .\Objects\main.obj
COMPILER INVOKED BY: D:\Keil_v5\C51\BIN\C51.EXE main.c OPTIMIZE(8,SPEED) BROWSE DEBUG OBJECTEXTEND PRINT(.\Listings\main
                    -.lst) TABS(2) OBJECT(.\Objects\main.obj)

line level    source

   1          /**
   2          * @brief  利用时钟芯片DS1302使用LCD1602显示时钟
   3            * @param 
   4            * @retval 
   5            */
   6          
   7          
   8          #include <REGX52.h>
   9          #include "LCD1602.h"
  10          #include "DS1302.h"
  11          
  12          unsigned char Second,Minute;
  13          void main()
  14          {
  15   1        LCD_Init();
  16   1        DS1302_Init();
  17   1        
  18   1        LCD_ShowString(1,1,"  -  -  ");
  19   1        LCD_ShowString(2,1,"  :  :  ");
  20   1        
  21   1        DS1302_SetTime();
  22   1        
  23   1        
  24   1        while(1)
  25   1        {
  26   2          DS1302_ReadTime();
  27   2          
  28   2          LCD_ShowNum(1,1,DS1302_Time[0],2);//年
  29   2          LCD_ShowNum(1,4,DS1302_Time[1],2);//月
  30   2          LCD_ShowNum(1,7,DS1302_Time[2],2);//日
  31   2          
  32   2          LCD_ShowNum(2,1,DS1302_Time[3],2);//时
  33   2          LCD_ShowNum(2,4,DS1302_Time[4],2);//分
  34   2          LCD_ShowNum(2,7,DS1302_Time[5],2);//秒
  35   2          
  36   2          LCD_ShowNum(1,11,DS1302_Time[6],1);//星期
  37   2        
  38   2        }
  39   1      }


MODULE INFORMATION:   STATIC OVERLAYABLE
   CODE SIZE        =    145    ----
   CONSTANT SIZE    =     18    ----
   XDATA SIZE       =   ----    ----
   PDATA SIZE       =   ----    ----
   DATA SIZE        =      2    ----
   IDATA SIZE       =   ----    ----
   BIT SIZE         =   ----    ----
END OF MODULE INFORMATION.


C51 COMPILATION COMPLETE.  0 WARNING(S),  0 ERROR(S)
