C51 COMPILER V9.57.0.0   MAIN                                                              07/14/2024 16:01:56 PAGE 1   


C51 COMPILER V9.57.0.0, COMPILATION OF MODULE MAIN
OBJECT MODULE PLACED IN .\Objects\main.obj
COMPILER INVOKED BY: D:\Keil_v5\C51\BIN\C51.EXE main.c OPTIMIZE(8,SPEED) BROWSE DEBUG OBJECTEXTEND PRINT(.\Listings\main
                    -.lst) TABS(2) OBJECT(.\Objects\main.obj)

line level    source

   1          #include <REGX52.H>
   2          void main()
   3          {
   4   1        //P2=0xFE;//用寄存器进行操作
   5   1        
   6   1      
   7   1        while(1)
   8   1        {
   9   2          if(P3_1==0||P3_0==0)//控制K1
  10   2          {
  11   3            P2_0=0;//直接进行位操作（非零即一）
  12   3          }
  13   2          else
  14   2          {
  15   3              P2_0=1;                                                                                                                                                                                             
             -                                                                                                                                                                                                                                                
             -                                                                                                                                                                                                                                                
             -                                                                                                                                                                                                                                                
             -                                                                                                                                                                                                                                                
             -                                                                                                                                                                                                                                                
             -                                                                                                                                                                                                                                                
             -                                                                                                                                                                                                                                                
             -                                                                                                                                                                                                                                                
             -                                                                                                                                                                                                                                                
             -                                                                                                                                                                                                                                                
             -                                                                                                                                                                                                                                                
             -                                                                                                                                                                                                                                                
             -                                                                                                                                                                                                                                                
             -                                                                                                                                                                                                                                                
             -                                                                                                                                                                                                                                                
             -                                                                                                                                                                                                                                                
             -                                                                                                                                                                                                                                                
             -                                                                                                                                                                                                                                                
             -                                                                                                                                                                                                                                                
             -                                                                                                                                                                                                                                                
             -                                                                                                                                                                                                                                                
             -                                                                                                                                                                                                                                                
             -                                                                                                                                                                                                                                                
             -                                                                                                                                                                                                                                                
             -                                                                                                                                                                                                                                                
             -                                                                                                                                                                                                                                                
             -                                                                                                                                                                                                                                                
             -                                                                                                                                                                                                                                                
             -                                                                                                                                                                                                                                                
             -                                                                                                                                                                                                                                                
             -                                                                                                                                                                                                                                                
             -                                                                                                                                                                                                                                                
             -                                                                                                                                                                                                                                                
             -                                                                                                                                                                                                                                                
             -                                                                                                                                                                                                                                                
             -                                                                                                                                                                                                                                                
             -                                                                                                                                                                                                                                                
             -                                                                                                                                                                                                                                                
             -                                                                                                                                                                                                                                                
C51 COMPILER V9.57.0.0   MAIN                                                              07/14/2024 16:01:56 PAGE 2   

             -                                                                                                                                                                                                                                                
             -                                                                                                                                                                                                                                                
             -                                                                                                                                                                                                                                                
             -                                                                                                                                                                                                                                                
             -                                                                                                                                                                                                                                                
             -                                                                                                                                                                                                                                                
             -                                                                                                                                                                                                                                                
             -                                                                                                                                                                                                                                                
             -                                                                                                                                                                                                                                                
             -                                                                                                                                                                                                                                                
             -                                                                                                                                                                                                                                                
             -                                                                                                                                                                                                                                                
             -                                                                                                                                                                                                                                                
             -                                                                                                                                                                                                                                                
             -                                                                                                                                                                                                                                                
             -                                                                                                                                                                                                                                                
             -                                                                                                                                                                                                                                                
             -                                                                                                                                                                                                                                                
             -                                                                                                                                                                                                                                                
             -                                                                                                                                                                                                                                                
             -                                                                                                                                                                                                                                                
             -                                                                                                                                                          
  16   3          }
  17   2        }
  18   1      }


MODULE INFORMATION:   STATIC OVERLAYABLE
   CODE SIZE        =     14    ----
   CONSTANT SIZE    =   ----    ----
   XDATA SIZE       =   ----    ----
   PDATA SIZE       =   ----    ----
   DATA SIZE        =   ----    ----
   IDATA SIZE       =   ----    ----
   BIT SIZE         =   ----    ----
END OF MODULE INFORMATION.


C51 COMPILATION COMPLETE.  0 WARNING(S),  0 ERROR(S)
