C51 COMPILER V9.57.0.0   MAIN                                                              08/06/2024 19:51:43 PAGE 1   


C51 COMPILER V9.57.0.0, COMPILATION OF MODULE MAIN
OBJECT MODULE PLACED IN .\Objects\main.obj
COMPILER INVOKED BY: D:\Keil_v5\C51\BIN\C51.EXE main.c OPTIMIZE(8,SPEED) BROWSE DEBUG OBJECTEXTEND PRINT(.\Listings\main
                    -.lst) TABS(2) OBJECT(.\Objects\main.obj)

line level    source

   1          #include <REGX52.H>
   2          #include "LCD1602.h"
   3          #include "Delay.h"
   4          void main()
   5          {
   6   1        int Result;
   7   1        LCD_Init(); 
   8   1      //  LCD_ShowChar(1,1,'a');
   9   1      //  LCD_ShowString(1,3,"hello");
  10   1      //  LCD_ShowNum(1,9,123,3);
  11   1      //  LCD_ShowSignedNum(1,13,-66,2);
  12   1      //  LCD_ShowHexNum(2,1,0xA8,2);
  13   1      //  LCD_ShowBinNum(2,4,0xAA,8);
  14   1        while(1)
  15   1        {
  16   2          Result++;
  17   2          Delay(1000);
  18   2          LCD_ShowNum(1,1,Result,3);
  19   2        }
  20   1      }


MODULE INFORMATION:   STATIC OVERLAYABLE
   CODE SIZE        =     34    ----
   CONSTANT SIZE    =   ----    ----
   XDATA SIZE       =   ----    ----
   PDATA SIZE       =   ----    ----
   DATA SIZE        =   ----       2
   IDATA SIZE       =   ----    ----
   BIT SIZE         =   ----    ----
END OF MODULE INFORMATION.


C51 COMPILATION COMPLETE.  0 WARNING(S),  0 ERROR(S)
