C51 COMPILER V9.57.0.0   MAIN                                                              09/30/2024 00:29:22 PAGE 1   


C51 COMPILER V9.57.0.0, COMPILATION OF MODULE MAIN
OBJECT MODULE PLACED IN .\Objects\main.obj
COMPILER INVOKED BY: D:\Keil_v5\C51\BIN\C51.EXE main.c OPTIMIZE(8,SPEED) BROWSE DEBUG OBJECTEXTEND PRINT(.\Listings\main
                    -.lst) TABS(2) OBJECT(.\Objects\main.obj)

line level    source

   1          #include <REGX52.H>
   2          #include "Delay.h"
   3          #include "Timer0.h"
   4          #include "LCD1602.h"
   5          unsigned char sec=55,Min=59,Hour=23;
   6          void main()
   7          {
   8   1        LCD_Init();
   9   1        Timer0_Init();
  10   1        LCD_ShowString(1,1,"Clock:");
  11   1        LCD_ShowString(2,1,"  :  :");
  12   1        
  13   1        while(1)
  14   1        {
  15   2          LCD_ShowNum(2,1,Hour,2);
  16   2          LCD_ShowNum(2,4,Min,2);
  17   2          LCD_ShowNum(2,7,sec,2);
  18   2        }
  19   1      }
  20          //定时器中断函数模板
  21          void Timer0_Routine() interrupt 1
  22          {
  23   1        static unsigned int T0Count;
  24   1        TL0 = 0x66;       //设置定时初始值
  25   1        TH0 = 0xFC;       //设置定时初始值
  26   1        T0Count++;
  27   1        if(T0Count>=1000)
  28   1        {
  29   2          T0Count=0;
  30   2          sec++;
  31   2          if(sec>=60)
  32   2          {
  33   3            sec=0;
  34   3            Min++;
  35   3            if(Min>=60)
  36   3            {
  37   4              Min=0;
  38   4              Hour++;
  39   4              if(Hour>=24)
  40   4              {
  41   5                Hour=0;
  42   5              }
  43   4            }
  44   3          }
  45   2          
  46   2        }
  47   1      }


MODULE INFORMATION:   STATIC OVERLAYABLE
   CODE SIZE        =    150    ----
   CONSTANT SIZE    =     14    ----
   XDATA SIZE       =   ----    ----
   PDATA SIZE       =   ----    ----
C51 COMPILER V9.57.0.0   MAIN                                                              09/30/2024 00:29:22 PAGE 2   

   DATA SIZE        =      5    ----
   IDATA SIZE       =   ----    ----
   BIT SIZE         =   ----    ----
END OF MODULE INFORMATION.


C51 COMPILATION COMPLETE.  0 WARNING(S),  0 ERROR(S)
