C51 COMPILER V9.57.0.0   MAIN                                                              08/02/2024 22:39:29 PAGE 1   


C51 COMPILER V9.57.0.0, COMPILATION OF MODULE MAIN
OBJECT MODULE PLACED IN .\Objects\main.obj
COMPILER INVOKED BY: D:\Keil_v5\C51\BIN\C51.EXE main.c OPTIMIZE(8,SPEED) BROWSE DEBUG OBJECTEXTEND PRINT(.\Listings\main
                    -.lst) TABS(2) OBJECT(.\Objects\main.obj)

line level    source

   1          #include <REGX52.H>
   2          #include "Delay.h"
   3          #include "Nixie.h"
   4          void main()
   5          {
   6   1         while(1)
   7   1        {
   8   2          NixieTube(1,1);
   9   2          
  10   2          NixieTube(2,2);
  11   2         
  12   2          NixieTube(3,3);
  13   2          
  14   2          NixieTube(4,4);
  15   2          
  16   2          NixieTube(5,5);
  17   2         
  18   2          NixieTube(6,6);
  19   2          
  20   2          NixieTube(7,7);
  21   2         
  22   2          NixieTube(8,8);
  23   2         
  24   2        }
  25   1      }


MODULE INFORMATION:   STATIC OVERLAYABLE
   CODE SIZE        =     74    ----
   CONSTANT SIZE    =   ----    ----
   XDATA SIZE       =   ----    ----
   PDATA SIZE       =   ----    ----
   DATA SIZE        =   ----    ----
   IDATA SIZE       =   ----    ----
   BIT SIZE         =   ----    ----
END OF MODULE INFORMATION.


C51 COMPILATION COMPLETE.  0 WARNING(S),  0 ERROR(S)
