C51 COMPILER V9.57.0.0   MATRIXLED                                                         10/01/2024 23:51:10 PAGE 1   


C51 COMPILER V9.57.0.0, COMPILATION OF MODULE MATRIXLED
OBJECT MODULE PLACED IN .\Objects\MatrixLED.obj
COMPILER INVOKED BY: D:\Keil_v5\C51\BIN\C51.EXE MatrixLED.c OPTIMIZE(8,SPEED) BROWSE DEBUG OBJECTEXTEND PRINT(.\Listings
                    -\MatrixLED.lst) TABS(2) OBJECT(.\Objects\MatrixLED.obj)

line level    source

   1          #include <REGX52.H>
   2          #include "Delay.h"
   3          
   4          
   5          //位声明
   6          sbit RCK=P3^5;  //RCLK
   7          sbit SCK=P3^6;  //SRCLK
   8          sbit SER=P3^4;  //SER
   9          
  10          
  11          #define MATRIX_LED_PORT P0
  12          
  13          /**
  14            * @brief  74HC595写入一个字节
  15            * @param 要写入的字节
  16            * @retval 无
  17            */
  18          void _74HC595_WriteByte(unsigned char Byte)
  19          {
  20   1        unsigned char i;
  21   1        for(i=0;i<8;i++)
  22   1        {
  23   2          SER=Byte&(0x80>>i);
  24   2          SCK=1;
  25   2          SCK=0;
  26   2        }
  27   1        RCK=1;
  28   1        RCK=0;
  29   1        
  30   1        
  31   1        
  32   1        
  33   1      //  SER=Byte&0x80;//移第一位
  34   1      //  SCK=1;
  35   1      //  SCK=0;
  36   1      //  SER=Byte&0x40;//移第二位
  37   1      //  SCK=1;
  38   1      //  SCK=0;
  39   1      //  ...           //...
  40   1      }
  41          
  42          
  43          /**
  44          * @brief  LED点阵屏显示一列数据
  45            * @param Column-要选择的列，范围：0—7,0在最左边
  46          * @param Data-选择列显示的数据，高位在上，写1点亮
  47            * @retval 无
  48            */
  49          void MatrixLED_ShowColumn(unsigned char Column,Data)
  50          {
  51   1        _74HC595_WriteByte(Data);
  52   1        MATRIX_LED_PORT=~(0x80>>Column);
  53   1        
  54   1        //段选位选需要进行消影操作
C51 COMPILER V9.57.0.0   MATRIXLED                                                         10/01/2024 23:51:10 PAGE 2   

  55   1        Delay(1);
  56   1        MATRIX_LED_PORT=0xFF;//消影
  57   1      }
  58          
  59          /**
  60            * @brief  点阵屏初始化
  61            * @param 无
  62            * @retval 无
  63            */
  64          void MatrixLED_Init()
  65          {
  66   1        SCK=0;
  67   1        RCK=0;
  68   1      }


MODULE INFORMATION:   STATIC OVERLAYABLE
   CODE SIZE        =     84    ----
   CONSTANT SIZE    =   ----    ----
   XDATA SIZE       =   ----    ----
   PDATA SIZE       =   ----    ----
   DATA SIZE        =   ----    ----
   IDATA SIZE       =   ----    ----
   BIT SIZE         =   ----    ----
END OF MODULE INFORMATION.


C51 COMPILATION COMPLETE.  0 WARNING(S),  0 ERROR(S)
