C51 COMPILER V9.57.0.0   MAIN                                                              09/30/2024 00:02:45 PAGE 1   


C51 COMPILER V9.57.0.0, COMPILATION OF MODULE MAIN
OBJECT MODULE PLACED IN .\Objects\main.obj
COMPILER INVOKED BY: D:\Keil_v5\C51\BIN\C51.EXE main.c OPTIMIZE(8,SPEED) BROWSE DEBUG OBJECTEXTEND PRINT(.\Listings\main
                    -.lst) TABS(2) OBJECT(.\Objects\main.obj)

line level    source

   1          #include <REGX52.H>
   2          #include "Timer0.h"
   3          #include"Key.h"
   4          #include "Delay.h"
   5          #include <INTRINS.H>
   6          
   7          //void Timer0_Init(void)    //1毫秒@11.0592MHz
   8          //{
   9          //  TMOD=0x01;//TMOD不可以按位寻址
  10          //  //TMOD=TMOD&0xF0;//把TMOD的低四位清零，高四位保持不变
  11          //  //TMOD=TMOD|0x01;//把TMOD的最低位置1，高四位保持不变
  12          //  TH0=64535/256;
  13          //  TL0=64535%256;
  14          //  ET0=1;
  15          //  EA=1;
  16          //  PT0=0;
  17          //  TR0=1;
  18          //}
  19          unsigned int Keynum,LEDMode;
  20          void main()
  21            
  22          {
  23   1        P2=0xFE;
  24   1        Timer0_Init();
  25   1        while(1)
  26   1        {
  27   2          
  28   2          Keynum=Key();
  29   2          if(Keynum)
  30   2          {
  31   3            if(Keynum==1)
  32   3            {
  33   4              LEDMode++;
  34   4              if(LEDMode>=2)
  35   4                LEDMode=0;
  36   4            }
  37   3            
  38   3          }
  39   2        }
  40   1      }
  41          
  42          //定时器中断函数模板
  43          void Timer0_Routine() interrupt 1
  44          {
  45   1        static unsigned int T0Count;
  46   1        TL0 = 0x66;       //设置定时初始值
  47   1        TH0 = 0xFC;       //设置定时初始值
  48   1        T0Count++;
  49   1        if(T0Count>=1000)
  50   1        {
  51   2          T0Count=0;
  52   2          if(LEDMode==0)
  53   2          {
  54   3            P2=_crol_(P2,1);
C51 COMPILER V9.57.0.0   MAIN                                                              09/30/2024 00:02:45 PAGE 2   

  55   3          }
  56   2          if(LEDMode==1)
  57   2          {
  58   3            P2=_cror_(P2,1);
  59   3          }
  60   2          
  61   2        }
  62   1      }
  63          
  64          
  65          
  66          
  67          


MODULE INFORMATION:   STATIC OVERLAYABLE
   CODE SIZE        =    140    ----
   CONSTANT SIZE    =   ----    ----
   XDATA SIZE       =   ----    ----
   PDATA SIZE       =   ----    ----
   DATA SIZE        =      6    ----
   IDATA SIZE       =   ----    ----
   BIT SIZE         =   ----    ----
END OF MODULE INFORMATION.


C51 COMPILATION COMPLETE.  0 WARNING(S),  0 ERROR(S)
